2024-12-06 11:01:02.666 [AWT-EventQueue-0] INFO  PL.EditorPO - Do you want to delete the selected file?
2024-12-06 11:02:30.776 [AWT-EventQueue-0] INFO  PL.EditorPO - Do you want to delete the selected file?
2024-12-06 11:02:31.754 [AWT-EventQueue-0] WARN  PL.EditorPO - Please select a file to delete.
2024-12-08 17:59:02.807 [AWT-EventQueue-0] INFO  PL.EditorPO - File created successfully!
2024-12-08 17:59:09.369 [AWT-EventQueue-0] INFO  PL.EditorPO - TF-IDF Score for 'bfg' is: -0.6931471805599453
2024-12-08 17:59:11.660 [AWT-EventQueue-0] INFO  PL.EditorPO - TF-IDF Score for 'dfg' is: -0.6931471805599453
2024-12-08 22:18:59.480 [AWT-EventQueue-0] INFO  pl.EditorPO - TF-IDF Score for 'bfg' is: -0.6931471805599453
2024-12-09 02:14:29.019 [AWT-EventQueue-0] INFO  pl.EditorPO - File created successfully!
2024-12-09 02:14:41.013 [Thread-3] INFO  pl.EditorPO - Group_9.pdf failed to upload!
2024-12-09 02:15:31.398 [Thread-5] INFO  pl.EditorPO - n.txt uploaded successfully!
2024-12-09 02:15:36.868 [AWT-EventQueue-0] INFO  pl.EditorPO - Do you want to delete the selected file?
2024-12-09 02:15:38.434 [AWT-EventQueue-0] WARN  pl.EditorPO - Please select a file to delete.
2024-12-09 02:15:41.539 [AWT-EventQueue-0] INFO  pl.EditorPO - Do you want to delete the selected file?
2024-12-09 02:15:42.185 [AWT-EventQueue-0] INFO  pl.EditorPO - File deleted successfully!
2024-12-09 02:15:45.834 [AWT-EventQueue-0] INFO  pl.EditorPO - TF-IDF Score for 'bfg' is: -0.2876820724517809
2024-12-09 02:15:50.570 [AWT-EventQueue-0] INFO  pl.EditorPO - TF-IDF Score for 'kghhj' is: -0.40546510810816444
2024-12-09 17:51:37.626 [main] ERROR pl.EditorPO - GSS-API authentication exception
2024-12-10 21:23:27.012 [AWT-EventQueue-0] INFO  pl.EditorPO - File updated successfully!
2024-12-10 21:23:53.981 [AWT-EventQueue-0] INFO  pl.EditorPO - File updated successfully!
2024-12-10 21:25:27.599 [AWT-EventQueue-0] INFO  pl.EditorPO - Do you want to delete the selected file?
2024-12-10 21:25:40.338 [AWT-EventQueue-0] INFO  pl.EditorPO - TF-IDF Score for 'surah falaq.txt' is: 0.009627044174443686
2024-12-10 21:25:45.280 [AWT-EventQueue-0] INFO  pl.EditorPO - TF-IDF Score for 'quran-simple.txt' is: 0.014417461355646866
2026-02-14 00:08:04.481 [Thread-0] ERROR pl.EditorPO - (conn=55) Table 'realeditor.files' doesn't exist
2026-02-14 00:08:25.967 [Thread-1] ERROR pl.EditorPO - (conn=55) Table 'realeditor.files' doesn't exist
2026-02-14 00:08:48.430 [AWT-EventQueue-0] ERROR pl.EditorPO - (conn=55) Table 'realeditor.files' doesn't exist
2026-02-14 00:08:49.593 [AWT-EventQueue-0] INFO  pl.EditorPO - File creation failed!
2026-02-14 00:08:49.608 [AWT-EventQueue-0] ERROR pl.EditorPO - (conn=55) Table 'realeditor.files' doesn't exist
2026-02-14 00:08:55.166 [AWT-EventQueue-0] INFO  pl.EditorPO - Do you want to delete the selected file?
2026-02-14 00:08:56.474 [AWT-EventQueue-0] ERROR pl.EditorPO - (conn=55) Table 'realeditor.files' doesn't exist
2026-02-14 00:08:58.458 [AWT-EventQueue-0] ERROR pl.EditorPO - (conn=55) Table 'realeditor.files' doesn't exist
2026-02-14 00:09:01.308 [AWT-EventQueue-0] ERROR pl.EditorPO - (conn=55) Table 'realeditor.files' doesn't exist
2026-02-14 00:09:04.178 [AWT-EventQueue-0] ERROR pl.EditorPO - Could not Search, Please Enter at least 3 letter to search
2026-02-14 00:11:54.307 [AWT-EventQueue-0] INFO  pl.EditorPO - Do you want to delete the selected file?
2026-02-14 00:11:58.191 [AWT-EventQueue-0] WARN  pl.EditorPO - Please select a file to delete.
2026-02-14 01:04:23.352 [Thread-0] ERROR pl.EditorPO - (conn=56) Table 'realeditor.files' doesn't exist
2026-02-14 01:04:26.021 [Thread-0] INFO  pl.EditorPO - test_dict.txt failed to upload!
2026-02-14 01:04:26.037 [Thread-0] ERROR pl.EditorPO - (conn=56) Table 'realeditor.files' doesn't exist
2026-02-14 01:21:29.885 [Thread-1] ERROR pl.EditorPO - (conn=56) Table 'realeditor.files' doesn't exist
2026-02-14 01:24:56.449 [Thread-0] INFO  pl.EditorPO - Assignment2.docx failed to upload!
2026-02-14 01:28:03.090 [Thread-0] ERROR pl.EditorPO - (conn=65) Unknown column 'NaN' in 'VALUES'
2026-02-14 01:28:03.103 [Thread-2] ERROR pl.EditorPO - (conn=65) Unknown column 'NaN' in 'SET'
2026-02-14 01:28:05.743 [Thread-0] INFO  pl.EditorPO - TXT.txt failed to upload!
2026-02-15 02:15:41.862 [main] WARN  pl.EditorPO - Unsupported file format: docx. Please convert to .txt format.
2026-02-15 02:19:10.451 [main] WARN  pl.EditorPO - Unsupported file format: docx. Please convert to .txt format.
2026-02-15 02:22:05.692 [main] WARN  pl.EditorPO - Unsupported file format: docx. Please convert to .txt format.
2026-02-15 02:22:37.543 [main] WARN  pl.EditorPO - Unsupported file format: docx. Please convert to .txt format.
2026-02-15 19:45:25.348 [main] WARN  pl.EditorPO - Unsupported file format: docx. Please convert to .txt format.
2026-02-15 20:49:55.347 [main] WARN  pl.EditorPO - Unsupported file format: docx. Please convert to .txt format.
2026-02-15 20:50:49.980 [main] WARN  pl.EditorPO - Unsupported file format: docx. Please convert to .txt format.
2026-02-15 21:29:45.593 [main] WARN  pl.EditorPO - Unsupported file format: docx. Please convert to .txt format.
2026-02-15 22:09:56.848 [main] WARN  pl.EditorPO - Unsupported file format: docx. Please convert to .txt format.
2026-02-15 22:09:57.288 [main] ERROR pl.EditorPO - (conn=37) Access denied for user 'root'@'localhost'
